<?xml version="1.0" encoding="UTF-8"?>
<!-- Generated by org.testng.reporters.JUnitReportReporter -->
<testsuite hostname="DESKTOP-VT2BQ7B" failures="0" tests="3" name="TestNg.data_provider" time="0.009" errors="0" timestamp="2022-05-19T13:13:10 EDT" skipped="0">
  <testcase classname="TestNg.data_provider" name="registernewuser" time="0.006"/>
  <system-out/>
  <testcase classname="TestNg.data_provider" name="registernewuser" time="0.002"/>
  <system-out/>
  <testcase classname="TestNg.data_provider" name="registernewuser" time="0.001"/>
  <system-out/>
</testsuite> <!-- TestNg.data_provider -->
