<?xml version="1.0" encoding="UTF-8"?>
<!-- Generated by org.testng.reporters.JUnitReportReporter -->
<testsuite hostname="DESKTOP-VT2BQ7B" failures="0" tests="1" name="alerts.validate_alerterrormessage" time="9.150" errors="0" timestamp="2022-07-30T12:07:07 EDT" skipped="0">
  <testcase classname="alerts.validate_alerterrormessage" name="alerttest" time="9.150"/>
  <system-out/>
</testsuite> <!-- alerts.validate_alerterrormessage -->
