<?xml version="1.0" encoding="UTF-8"?>
<!-- Generated by org.testng.reporters.JUnitReportReporter -->
<testsuite hostname="DESKTOP-VT2BQ7B" failures="0" tests="3" name="dataprovider_reposotory.data_provider" time="0.011" errors="0" timestamp="2022-06-04T17:44:50 EDT" skipped="0">
  <testcase classname="dataprovider_reposotory.data_provider" name="registernewuser" time="0.001"/>
  <system-out/>
  <testcase classname="dataprovider_reposotory.data_provider" name="registernewuser" time="0.001"/>
  <system-out/>
  <testcase classname="dataprovider_reposotory.data_provider" name="registernewuser" time="0.009"/>
  <system-out/>
</testsuite> <!-- dataprovider_reposotory.data_provider -->
