<?xml version="1.0" encoding="UTF-8"?>
<!-- Generated by org.testng.reporters.JUnitReportReporter -->
<testsuite hostname="DESKTOP-VT2BQ7B" failures="0" tests="1" name="TestNg.testng" time="8.840" errors="0" timestamp="2022-05-15T23:04:52 EDT" skipped="0">
  <testcase classname="TestNg.testng" name="init" time="8.840"/>
  <system-out/>
</testsuite> <!-- TestNg.testng -->
