<?xml version="1.0" encoding="UTF-8"?>
<!-- Generated by org.testng.reporters.JUnitReportReporter -->
<testsuite hostname="DESKTOP-VT2BQ7B" failures="0" tests="1" name="alerts.validate_alert_ErrorMessage" time="12.930" errors="0" timestamp="2022-10-04T16:53:01 EDT" skipped="0">
  <testcase classname="alerts.validate_alert_ErrorMessage" name="alerttest" time="12.930"/>
  <system-out/>
</testsuite> <!-- alerts.validate_alert_ErrorMessage -->
