<?xml version="1.0" encoding="UTF-8"?>
<!-- Generated by org.testng.reporters.JUnitReportReporter -->
<testsuite hostname="DESKTOP-VT2BQ7B" failures="0" tests="1" name="uploadscreenshot.uploadscreenshot" time="7.518" errors="0" timestamp="2022-10-22T20:54:10 EDT" skipped="0">
  <testcase classname="uploadscreenshot.uploadscreenshot" name="main" time="7.518"/>
  <system-out/>
</testsuite> <!-- uploadscreenshot.uploadscreenshot -->
