<?xml version="1.0" encoding="UTF-8"?>
<!-- Generated by org.testng.reporters.JUnitReportReporter -->
<testsuite hostname="DESKTOP-VT2BQ7B" failures="0" tests="16" name="TestNg.multiple_test_case" time="0.036" errors="0" timestamp="2022-05-19T13:16:13 EDT" skipped="0">
  <testcase classname="TestNg.multiple_test_case" name="launchURL" time="0.002"/>
  <system-out/>
  <testcase classname="TestNg.multiple_test_case" name="launchURL" time="0.002"/>
  <system-out/>
  <testcase classname="TestNg.multiple_test_case" name="entercredential" time="0.002"/>
  <system-out/>
  <testcase classname="TestNg.multiple_test_case" name="Logout" time="0.002"/>
  <system-out/>
  <testcase classname="TestNg.multiple_test_case" name="Logout" time="0.006"/>
  <system-out/>
  <testcase classname="TestNg.multiple_test_case" name="ValidateLoginHomePage" time="0.002"/>
  <system-out/>
  <testcase classname="TestNg.multiple_test_case" name="Logout" time="0.001"/>
  <system-out/>
  <testcase classname="TestNg.multiple_test_case" name="entercredential" time="0.002"/>
  <system-out/>
  <testcase classname="TestNg.multiple_test_case" name="ValidateLoginHomePage" time="0.002"/>
  <system-out/>
  <testcase classname="TestNg.multiple_test_case" name="entercredential" time="0.004"/>
  <system-out/>
  <testcase classname="TestNg.multiple_test_case" name="entercredential" time="0.001"/>
  <system-out/>
  <testcase classname="TestNg.multiple_test_case" name="launchURL" time="0.002"/>
  <system-out/>
  <testcase classname="TestNg.multiple_test_case" name="ValidateLoginHomePage" time="0.003"/>
  <system-out/>
  <testcase classname="TestNg.multiple_test_case" name="ValidateLoginHomePage" time="0.002"/>
  <system-out/>
  <testcase classname="TestNg.multiple_test_case" name="launchURL" time="0.002"/>
  <system-out/>
  <testcase classname="TestNg.multiple_test_case" name="Logout" time="0.001"/>
  <system-out/>
</testsuite> <!-- TestNg.multiple_test_case -->
