<?xml version="1.0" encoding="UTF-8"?>
<!-- Generated by org.testng.reporters.JUnitReportReporter -->
<testsuite hostname="DESKTOP-VT2BQ7B" failures="0" tests="3" name="TestNg.redifftestNG_validation" time="2.473" errors="0" timestamp="2022-05-29T23:19:43 EDT" skipped="0">
  <testcase classname="TestNg.redifftestNG_validation" name="validateLandingPage" time="0.029"/>
  <system-out/>
  <testcase classname="TestNg.redifftestNG_validation" name="ValidatesignINLink" time="1.977"/>
  <system-out/>
  <testcase classname="TestNg.redifftestNG_validation" name="usertextboxvalidation" time="0.467"/>
  <system-out/>
</testsuite> <!-- TestNg.redifftestNG_validation -->
