<?xml version="1.0" encoding="UTF-8"?>
<!-- Generated by org.testng.reporters.JUnitReportReporter -->
<testsuite hostname="DESKTOP-VT2BQ7B" failures="0" tests="3" name="TestNg.special_TestNG" time="8.557" errors="0" timestamp="2022-05-30T00:11:21 EDT" skipped="0">
  <testcase classname="TestNg.special_TestNG" name="test2" time="0.005"/>
  <system-out/>
  <testcase classname="TestNg.special_TestNG" name="test1" time="8.547"/>
  <system-out/>
  <testcase classname="TestNg.special_TestNG" name="test3" time="0.005"/>
  <system-out/>
</testsuite> <!-- TestNg.special_TestNG -->
