<?xml version="1.0" encoding="UTF-8"?>
<!-- Generated by org.testng.reporters.JUnitReportReporter -->
<testsuite hostname="DESKTOP-VT2BQ7B" failures="0" tests="2" name="TestNg.rediff_softassert" time="29.789" errors="0" timestamp="2022-06-08T11:15:56 EDT" skipped="0">
  <testcase classname="TestNg.rediff_softassert" name="launchdriver" time="5.586"/>
  <system-out/>
  <testcase classname="TestNg.rediff_softassert" name="testNGvalidation" time="24.203"/>
  <system-out/>
</testsuite> <!-- TestNg.rediff_softassert -->
