<?xml version="1.0" encoding="UTF-8"?>
<!-- Generated by org.testng.reporters.JUnitReportReporter -->
<testsuite hostname="DESKTOP-VT2BQ7B" failures="0" tests="1" name="uploadscreenshot.uploadscreenshot" time="6.946" errors="0" timestamp="2022-09-14T20:36:15 EDT" skipped="0">
  <testcase classname="uploadscreenshot.uploadscreenshot" name="main" time="6.946"/>
  <system-out/>
</testsuite> <!-- uploadscreenshot.uploadscreenshot -->
