<?xml version="1.0" encoding="UTF-8"?>
<!-- Generated by org.testng.reporters.JUnitReportReporter -->
<testsuite hostname="DESKTOP-VT2BQ7B" failures="0" tests="5" name="dropdown.facebookdropdown" time="41.631" errors="0" timestamp="2022-08-31T13:04:49 EDT" skipped="0">
  <testcase classname="dropdown.facebookdropdown" name="facebooktitlePage" time="7.001"/>
  <system-out/>
  <testcase classname="dropdown.facebookdropdown" name="namefield" time="10.040"/>
  <system-out/>
  <testcase classname="dropdown.facebookdropdown" name="sendkeys" time="7.919"/>
  <system-out/>
  <testcase classname="dropdown.facebookdropdown" name="dropdown" time="8.120"/>
  <system-out/>
  <testcase classname="dropdown.facebookdropdown" name="radioButton" time="8.551"/>
  <system-out/>
</testsuite> <!-- dropdown.facebookdropdown -->
