<?xml version="1.0" encoding="UTF-8"?>
<!-- Generated by org.testng.reporters.JUnitReportReporter -->
<testsuite hostname="DESKTOP-VT2BQ7B" failures="0" tests="5" name="dropdown.facebookdropdown" time="34.319" errors="0" timestamp="2022-05-31T11:54:20 EDT" skipped="0">
  <testcase classname="dropdown.facebookdropdown" name="facebooktitlePage" time="7.319"/>
  <system-out/>
  <testcase classname="dropdown.facebookdropdown" name="namefield" time="6.088"/>
  <system-out/>
  <testcase classname="dropdown.facebookdropdown" name="sendkeys" time="7.005"/>
  <system-out/>
  <testcase classname="dropdown.facebookdropdown" name="dropdown" time="7.135"/>
  <system-out/>
  <testcase classname="dropdown.facebookdropdown" name="radioButton" time="6.772"/>
  <system-out/>
</testsuite> <!-- dropdown.facebookdropdown -->
