<?xml version="1.0" encoding="UTF-8"?>
<!-- Generated by org.testng.reporters.JUnitReportReporter -->
<testsuite hostname="DESKTOP-VT2BQ7B" failures="0" tests="1" name="oopsconcepts.car" time="0.011" errors="0" timestamp="2022-05-17T11:10:18 EDT" skipped="0">
  <testcase classname="oopsconcepts.car" name="tarlesh" time="0.011"/>
  <system-out/>
</testsuite> <!-- oopsconcepts.car -->
