<?xml version="1.0" encoding="UTF-8"?>
<!-- Generated by org.testng.reporters.JUnitReportReporter -->
<testsuite hostname="DESKTOP-VT2BQ7B" failures="0" tests="25" name="dataprovider_reposotory.multiple_test_case" time="0.122" errors="0" timestamp="2022-06-18T17:06:25 EDT" skipped="0">
  <testcase classname="dataprovider_reposotory.multiple_test_case" name="launchURL" time="0.003"/>
  <system-out/>
  <testcase classname="dataprovider_reposotory.multiple_test_case" name="Logout" time="0.002"/>
  <system-out/>
  <testcase classname="dataprovider_reposotory.multiple_test_case" name="ValidateLoginHomePage" time="0.003"/>
  <system-out/>
  <testcase classname="dataprovider_reposotory.multiple_test_case" name="ValidateLoginHomePage" time="0.003"/>
  <system-out/>
  <testcase classname="dataprovider_reposotory.multiple_test_case" name="entercredential" time="0.001"/>
  <system-out/>
  <testcase classname="dataprovider_reposotory.multiple_test_case" name="Logout1" time="0.002"/>
  <system-out/>
  <testcase classname="dataprovider_reposotory.multiple_test_case" name="entercredential" time="0.001"/>
  <system-out/>
  <testcase classname="dataprovider_reposotory.multiple_test_case" name="Logout" time="0.014"/>
  <system-out/>
  <testcase classname="dataprovider_reposotory.multiple_test_case" name="Logout1" time="0.002"/>
  <system-out/>
  <testcase classname="dataprovider_reposotory.multiple_test_case" name="entercredential" time="0.001"/>
  <system-out/>
  <testcase classname="dataprovider_reposotory.multiple_test_case" name="launchURL" time="0.009"/>
  <system-out/>
  <testcase classname="dataprovider_reposotory.multiple_test_case" name="launchURL" time="0.011"/>
  <system-out/>
  <testcase classname="dataprovider_reposotory.multiple_test_case" name="Logout1" time="0.008"/>
  <system-out/>
  <testcase classname="dataprovider_reposotory.multiple_test_case" name="entercredential" time="0.001"/>
  <system-out/>
  <testcase classname="dataprovider_reposotory.multiple_test_case" name="Logout" time="0.014"/>
  <system-out/>
  <testcase classname="dataprovider_reposotory.multiple_test_case" name="ValidateLoginHomePage" time="0.004"/>
  <system-out/>
  <testcase classname="dataprovider_reposotory.multiple_test_case" name="entercredential" time="0.003"/>
  <system-out/>
  <testcase classname="dataprovider_reposotory.multiple_test_case" name="Logout" time="0.003"/>
  <system-out/>
  <testcase classname="dataprovider_reposotory.multiple_test_case" name="launchURL" time="0.004"/>
  <system-out/>
  <testcase classname="dataprovider_reposotory.multiple_test_case" name="Logout" time="0.015"/>
  <system-out/>
  <testcase classname="dataprovider_reposotory.multiple_test_case" name="launchURL" time="0.001"/>
  <system-out/>
  <testcase classname="dataprovider_reposotory.multiple_test_case" name="Logout1" time="0.003"/>
  <system-out/>
  <testcase classname="dataprovider_reposotory.multiple_test_case" name="Logout1" time="0.008"/>
  <system-out/>
  <testcase classname="dataprovider_reposotory.multiple_test_case" name="ValidateLoginHomePage" time="0.002"/>
  <system-out/>
  <testcase classname="dataprovider_reposotory.multiple_test_case" name="ValidateLoginHomePage" time="0.004"/>
  <system-out/>
</testsuite> <!-- dataprovider_reposotory.multiple_test_case -->
